[+] Containers:
 |- [+] Container: /Game/ThirdPerson/Maps/ThirdPersonMap
 |   |- [+] ActorDescs:
 |   |   |- Guid:017394CF45B3BF2BCF7AB382975F2606 BaseClass: NativeClass:/Script/Engine.StaticMeshActor Name:StaticMeshActor_39 Label:SM_Ramp2 SpatiallyLoaded:1 Bounds:IsValid=true, Min=(X=1400.000 Y=1500.000 Z=0.000), Max=(X=1800.000 Y=1700.000 Z=100.000) RuntimeGrid:None EditorOnly:0 RuntimeOnly:0 HLODRelevant:1 ListedInSceneOutliner:1 IsMainWorldOnly:0 FolderPath:Block01 FolderGuid:98087B8444A89373CC4763B3845E270A
 |   |   |- Guid:0870CC704F80A8D5DF802EAC5E048723 BaseClass: NativeClass:/Script/Engine.StaticMeshActor Name:StaticMeshActor_45 Label:SM_Cube8 SpatiallyLoaded:1 Bounds:IsValid=true, Min=(X=1300.000 Y=2600.000 Z=0.000), Max=(X=2500.000 Y=2900.000 Z=200.000) RuntimeGrid:None EditorOnly:0 RuntimeOnly:0 HLODRelevant:1 ListedInSceneOutliner:1 IsMainWorldOnly:0 FolderPath:Block02 FolderGuid:5DDF0B274F9C8B2C5DABA1999B167516
 |   |   |- Guid:16C1C4814718E8507F5C56B31900145C BaseClass: NativeClass:/Script/Engine.SkeletalMeshActor Name:SkeletalMeshActor_UAID_D8BBC1A8B048905802_1255356770 Label:Greymon SpatiallyLoaded:1 Bounds:IsValid=true, Min=(X=1710.893 Y=1135.870 Z=-11.705), Max=(X=1909.790 Y=1449.306 Z=221.968) RuntimeGrid:None EditorOnly:0 RuntimeOnly:0 HLODRelevant:0 ListedInSceneOutliner:1 IsMainWorldOnly:0
 |   |   |- Guid:174DF71143EA367D14F3838C26CC06DF BaseClass: NativeClass:/Script/Engine.SkyLight Name:SkyLight_0 Label:SkyLight SpatiallyLoaded:0 Bounds:IsValid=true, Min=(X=0.000 Y=0.000 Z=690.000), Max=(X=0.000 Y=0.000 Z=690.000) RuntimeGrid:None EditorOnly:0 RuntimeOnly:0 HLODRelevant:0 ListedInSceneOutliner:1 IsMainWorldOnly:0 FolderPath:Lighting FolderGuid:08A10B054C95868C663DE39EE4343813
 |   |   |- Guid:22043D904138D0E50DB05FB74FCA2289 BaseClass: NativeClass:/Script/Engine.StaticMeshActor Name:StaticMeshActor_60 Label:SM_QuarterCylinder13 SpatiallyLoaded:1 Bounds:IsValid=true, Min=(X=2000.000 Y=500.000 Z=0.000), Max=(X=2200.000 Y=700.000 Z=100.000) RuntimeGrid:None EditorOnly:0 RuntimeOnly:0 HLODRelevant:1 ListedInSceneOutliner:1 IsMainWorldOnly:0 FolderPath:Cylinder FolderGuid:ECA4956E419DA4E5BAB7F389537BCB14
 |   |   |- Guid:243A2084428544D88534E990D8BA5B83 BaseClass: NativeClass:/Script/Engine.StaticMeshActor Name:StaticMeshActor_38 Label:SM_Cube4 SpatiallyLoaded:1 Bounds:IsValid=true, Min=(X=1200.000 Y=1700.000 Z=0.000), Max=(X=1800.000 Y=2200.000 Z=200.000) RuntimeGrid:None EditorOnly:0 RuntimeOnly:0 HLODRelevant:1 ListedInSceneOutliner:1 IsMainWorldOnly:0 FolderPath:Block01 FolderGuid:98087B8444A89373CC4763B3845E270A
 |   |   |- Guid:26B5E65E4ABFCE1F255C5A8100176347 BaseClass: NativeClass:/Script/Engine.SkeletalMeshActor Name:SkeletalMeshActor_UAID_D8BBC1A8B048905802_1578311774 Label:01_KoroMon SpatiallyLoaded:1 Bounds:IsValid=true, Min=(X=1328.908 Y=1303.325 Z=-6.044), Max=(X=1371.084 Y=1369.718 Z=54.372) RuntimeGrid:None EditorOnly:0 RuntimeOnly:0 HLODRelevant:0 ListedInSceneOutliner:1 IsMainWorldOnly:0
 |   |   |- Guid:3E0D0C7A4D8FFA7CE31DB8AA2B2D1292 BaseClass: NativeClass:/Script/Engine.StaticMeshActor Name:StaticMeshActor_57 Label:SM_QuarterCylinder6 SpatiallyLoaded:1 Bounds:IsValid=true, Min=(X=1200.000 Y=2200.000 Z=0.000), Max=(X=1300.000 Y=2300.000 Z=200.000) RuntimeGrid:None EditorOnly:0 RuntimeOnly:0 HLODRelevant:1 ListedInSceneOutliner:1 IsMainWorldOnly:0 FolderPath:Block01 FolderGuid:98087B8444A89373CC4763B3845E270A
 |   |   |- Guid:487659064E5E19D77E7426AAB6D0C631 BaseClass: NativeClass:/Script/Engine.SkeletalMeshActor Name:SkeletalMeshActor_UAID_D8BBC1A8B048935802_1683405314 Label:05DukeMon SpatiallyLoaded:1 Bounds:IsValid=true, Min=(X=2344.709 Y=914.949 Z=-7.241), Max=(X=2602.119 Y=1218.658 Z=267.280) RuntimeGrid:None EditorOnly:0 RuntimeOnly:0 HLODRelevant:0 ListedInSceneOutliner:1 IsMainWorldOnly:0
 |   |   |- Guid:4F7B735A44E12B4B031927A9FC21C460 BaseClass: NativeClass:/Script/Engine.VolumetricCloud Name:VolumetricCloud_1 Label:VolumetricCloud SpatiallyLoaded:0 Bounds:IsValid=true, Min=(X=0.000 Y=0.000 Z=820.000), Max=(X=0.000 Y=0.000 Z=820.000) RuntimeGrid:None EditorOnly:0 RuntimeOnly:0 HLODRelevant:0 ListedInSceneOutliner:1 IsMainWorldOnly:0 FolderPath:Lighting FolderGuid:08A10B054C95868C663DE39EE4343813
 |   |   |- Guid:5542BC6E4708EE7620A490891951A4A4 BaseClass: NativeClass:/Script/Engine.SkeletalMeshActor Name:SkeletalMeshActor_UAID_D8BBC1A8B048935802_1656548312 Label:03GrouMon SpatiallyLoaded:1 Bounds:IsValid=true, Min=(X=1695.265 Y=963.389 Z=-10.959), Max=(X=1841.840 Y=1123.455 Z=166.142) RuntimeGrid:None EditorOnly:0 RuntimeOnly:0 HLODRelevant:0 ListedInSceneOutliner:1 IsMainWorldOnly:0
 |   |   |- Guid:55BB2E2F4AFA453E1F1285A3ADC7186D BaseClass: NativeClass:/Script/Engine.StaticMeshActor Name:StaticMeshActor_58 Label:SM_QuarterCylinder11 SpatiallyLoaded:1 Bounds:IsValid=true, Min=(X=2200.000 Y=700.000 Z=0.000), Max=(X=2400.000 Y=900.000 Z=100.000) RuntimeGrid:None EditorOnly:0 RuntimeOnly:0 HLODRelevant:1 ListedInSceneOutliner:1 IsMainWorldOnly:0 FolderPath:Cylinder FolderGuid:ECA4956E419DA4E5BAB7F389537BCB14
 |   |   |- Guid:5C7C5C40408F48C386D06CA03AB130C2 BaseClass: NativeClass:/Script/Engine.StaticMeshActor Name:StaticMeshActor_UAID_A4AE111137DC5EFB00_1594956423 Label:SM_SkySphere SpatiallyLoaded:0 Bounds:IsValid=true, Min=(X=-1638400.000 Y=-1638400.000 Z=-1638400.000), Max=(X=1638400.000 Y=1638400.000 Z=1638400.000) RuntimeGrid:None EditorOnly:0 RuntimeOnly:0 HLODRelevant:1 ListedInSceneOutliner:1 IsMainWorldOnly:0 FolderPath:Lighting FolderGuid:08A10B054C95868C663DE39EE4343813
 |   |   |- Guid:664A87DA48B6EE38C0ACEA9AEDBA4BA0 BaseClass: NativeClass:/Script/Engine.TextRenderActor Name:TextRenderActor_1 Label:TextRenderActor SpatiallyLoaded:1 Bounds:IsValid=true, Min=(X=-0.100 Y=1100.000 Z=65.013), Max=(X=-0.100 Y=2392.308 Z=215.013) RuntimeGrid:None EditorOnly:0 RuntimeOnly:0 HLODRelevant:0 ListedInSceneOutliner:1 IsMainWorldOnly:0
 |   |   |- Guid:67DFF0C546DD4AD1A0DC89A992E4903B BaseClass: NativeClass:/Script/Engine.SkeletalMeshActor Name:SkeletalMeshActor_UAID_D8BBC1A8B048905802_1257486771 Label:MetalGreymon SpatiallyLoaded:1 Bounds:IsValid=true, Min=(X=1932.470 Y=1135.124 Z=-36.516), Max=(X=2181.931 Y=1443.113 Z=255.006) RuntimeGrid:None EditorOnly:0 RuntimeOnly:0 HLODRelevant:0 ListedInSceneOutliner:1 IsMainWorldOnly:0
 |   |   |- Guid:71AB3E0B4DA5EDFD0636A78826DCAF7B BaseClass: NativeClass:/Script/Engine.SkeletalMeshActor Name:SkeletalMeshActor_UAID_D8BBC1A8B048905802_1222937769 Label:Agumon SpatiallyLoaded:1 Bounds:IsValid=true, Min=(X=1465.443 Y=1290.513 Z=-19.651), Max=(X=1573.915 Y=1406.958 Z=134.509) RuntimeGrid:None EditorOnly:0 RuntimeOnly:0 HLODRelevant:0 ListedInSceneOutliner:1 IsMainWorldOnly:0
 |   |   |- Guid:723128A2477074C68D9A5EA484DF76A8 BaseClass: NativeClass:/Script/Engine.StaticMeshActor Name:StaticMeshActor_46 Label:SM_Cube9 SpatiallyLoaded:1 Bounds:IsValid=true, Min=(X=1800.000 Y=1500.000 Z=0.000), Max=(X=2000.000 Y=2200.000 Z=100.000) RuntimeGrid:None EditorOnly:0 RuntimeOnly:0 HLODRelevant:1 ListedInSceneOutliner:1 IsMainWorldOnly:0 FolderPath:Block01 FolderGuid:98087B8444A89373CC4763B3845E270A
 |   |   |- Guid:76AA13094E136B03CC96E9A0BAF33EE9 BaseClass: NativeClass:/Script/Engine.SkeletalMeshActor Name:SkeletalMeshActor_UAID_D8BBC1A8B048935802_1652426310 Label:01GIGIMON SpatiallyLoaded:1 Bounds:IsValid=true, Min=(X=1339.190 Y=978.490 Z=-0.040), Max=(X=1360.810 Y=1023.167 Z=26.296) RuntimeGrid:None EditorOnly:0 RuntimeOnly:0 HLODRelevant:0 ListedInSceneOutliner:1 IsMainWorldOnly:0
 |   |   |- Guid:788903924598EC8109F9709A8AB41C0D BaseClass: NativeClass:/Script/Engine.WorldDataLayers Name:WorldDataLayers Label:WorldDataLayers-1 SpatiallyLoaded:0 Bounds:IsValid=true, Min=(X=0.000 Y=0.000 Z=0.000), Max=(X=0.000 Y=0.000 Z=0.000) RuntimeGrid:None EditorOnly:0 RuntimeOnly:0 HLODRelevant:0 ListedInSceneOutliner:1 IsMainWorldOnly:1
 |   |   |- Guid:830FF81C457CA01C97438B95CD9DF038 BaseClass: NativeClass:/Script/Engine.StaticMeshActor Name:StaticMeshActor_34 Label:SM_ChamferCube SpatiallyLoaded:1 Bounds:IsValid=true, Min=(X=1100.000 Y=2000.000 Z=0.013), Max=(X=1200.000 Y=2100.000 Z=100.013) RuntimeGrid:None EditorOnly:0 RuntimeOnly:0 HLODRelevant:0 ListedInSceneOutliner:1 IsMainWorldOnly:0
 |   |   |- Guid:84A6C2C04177158166E2439E0CBAE730 BaseClass: NativeClass:/Script/Engine.StaticMeshActor Name:StaticMeshActor_35 Label:SM_Ramp SpatiallyLoaded:1 Bounds:IsValid=true, Min=(X=1300.000 Y=600.000 Z=0.000), Max=(X=1700.000 Y=800.000 Z=30.000) RuntimeGrid:None EditorOnly:0 RuntimeOnly:0 HLODRelevant:1 ListedInSceneOutliner:1 IsMainWorldOnly:0
 |   |   |- Guid:859A5D2B4D8B495BA7FC29927716A9EB BaseClass: NativeClass:/Script/Engine.SkeletalMeshActor Name:SkeletalMeshActor_UAID_D8BBC1A8B048905802_1260310772 Label:WarGreyMon SpatiallyLoaded:1 Bounds:IsValid=true, Min=(X=2291.660 Y=1288.039 Z=-43.142), Max=(X=2471.143 Y=1453.397 Z=246.576) RuntimeGrid:None EditorOnly:0 RuntimeOnly:0 HLODRelevant:0 ListedInSceneOutliner:1 IsMainWorldOnly:0
 |   |   |- Guid:901C748940C0D4AB214A8B8BF7D39AEC BaseClass: NativeClass:/Script/Engine.StaticMeshActor Name:StaticMeshActor_59 Label:SM_QuarterCylinder12 SpatiallyLoaded:1 Bounds:IsValid=true, Min=(X=2000.000 Y=700.000 Z=0.000), Max=(X=2200.000 Y=900.000 Z=100.000) RuntimeGrid:None EditorOnly:0 RuntimeOnly:0 HLODRelevant:1 ListedInSceneOutliner:1 IsMainWorldOnly:0 FolderPath:Cylinder FolderGuid:ECA4956E419DA4E5BAB7F389537BCB14
 |   |   |- Guid:96C16AF946CFF8929C47A09CAE7CD832 BaseClass: NativeClass:/Script/Engine.StaticMeshActor Name:StaticMeshActor_48 Label:SM_Cube10 SpatiallyLoaded:1 Bounds:IsValid=true, Min=(X=1800.000 Y=2100.000 Z=100.000), Max=(X=2000.000 Y=2200.000 Z=200.000) RuntimeGrid:None EditorOnly:0 RuntimeOnly:0 HLODRelevant:1 ListedInSceneOutliner:1 IsMainWorldOnly:0 FolderPath:Block01 FolderGuid:98087B8444A89373CC4763B3845E270A
 |   |   |- Guid:97625685428ED89E06818B996F1A508E BaseClass: NativeClass:/Script/Engine.StaticMeshActor Name:StaticMeshActor_53 Label:SM_QuarterCylinder3 SpatiallyLoaded:1 Bounds:IsValid=true, Min=(X=1500.000 Y=2200.000 Z=0.000), Max=(X=1600.000 Y=2300.000 Z=200.000) RuntimeGrid:None EditorOnly:0 RuntimeOnly:0 HLODRelevant:1 ListedInSceneOutliner:1 IsMainWorldOnly:0 FolderPath:Block01 FolderGuid:98087B8444A89373CC4763B3845E270A
 |   |   |- Guid:9A8590F64719696F576D32BEA8B1AF88 BaseClass: NativeClass:/Script/Engine.StaticMeshActor Name:StaticMeshActor_50 Label:SM_QuarterCylinder SpatiallyLoaded:1 Bounds:IsValid=true, Min=(X=2500.000 Y=2800.000 Z=0.000), Max=(X=2600.000 Y=2900.000 Z=200.000) RuntimeGrid:None EditorOnly:0 RuntimeOnly:0 HLODRelevant:1 ListedInSceneOutliner:1 IsMainWorldOnly:0 FolderPath:Block02 FolderGuid:5DDF0B274F9C8B2C5DABA1999B167516
 |   |   |- Guid:9FFE6665469AE829D82050A8B1F67178 BaseClass: NativeClass:/Script/Engine.DirectionalLight Name:DirectionalLight_1 Label:DirectionalLight SpatiallyLoaded:0 Bounds:IsValid=true, Min=(X=-1048576.000 Y=-1048576.000 Z=-1048576.000), Max=(X=1048576.000 Y=1048576.000 Z=1048576.000) RuntimeGrid:None EditorOnly:0 RuntimeOnly:0 HLODRelevant:0 ListedInSceneOutliner:1 IsMainWorldOnly:0 FolderPath:Lighting FolderGuid:08A10B054C95868C663DE39EE4343813
 |   |   |- Guid:A25F61BD4F2EE2C7409611810AC3BAD4 BaseClass: NativeClass:/Script/Engine.StaticMeshActor Name:StaticMeshActor_52 Label:SM_Cube12 SpatiallyLoaded:1 Bounds:IsValid=true, Min=(X=2500.000 Y=2700.000 Z=0.000), Max=(X=2600.000 Y=2800.000 Z=200.000) RuntimeGrid:None EditorOnly:0 RuntimeOnly:0 HLODRelevant:1 ListedInSceneOutliner:1 IsMainWorldOnly:0 FolderPath:Block02 FolderGuid:5DDF0B274F9C8B2C5DABA1999B167516
 |   |   |- Guid:A7FB847A4A1DACD12053998C0C82FF9C BaseClass: NativeClass:/Script/Engine.StaticMeshActor Name:StaticMeshActor_55 Label:SM_QuarterCylinder5 SpatiallyLoaded:1 Bounds:IsValid=true, Min=(X=300.000 Y=2800.000 Z=0.000), Max=(X=400.000 Y=2900.000 Z=200.000) RuntimeGrid:None EditorOnly:0 RuntimeOnly:0 HLODRelevant:1 ListedInSceneOutliner:1 IsMainWorldOnly:0 FolderPath:Block03 FolderGuid:8CD3949449A9ED1D3F209CA69A64B60F
 |   |   |- Guid:A85A7AD046A0462D176E6889992C1216 BaseClass: NativeClass:/Script/Engine.PostProcessVolume Name:PostProcessVolume_0 Label:PostProcessVolume SpatiallyLoaded:0 Bounds:IsValid=true, Min=(X=0.000 Y=0.000 Z=400.000), Max=(X=200.000 Y=200.000 Z=600.000) RuntimeGrid:None EditorOnly:0 RuntimeOnly:0 HLODRelevant:0 ListedInSceneOutliner:1 IsMainWorldOnly:0 FolderPath:Lighting FolderGuid:08A10B054C95868C663DE39EE4343813
 |   |   |- Guid:AA857C9F436500D6ED8E03A5806DCE50 BaseClass: NativeClass:/Script/Engine.StaticMeshActor Name:StaticMeshActor_44 Label:SM_Cube7 SpatiallyLoaded:1 Bounds:IsValid=true, Min=(X=1300.000 Y=2200.000 Z=0.000), Max=(X=1500.000 Y=2300.000 Z=200.000) RuntimeGrid:None EditorOnly:0 RuntimeOnly:0 HLODRelevant:1 ListedInSceneOutliner:1 IsMainWorldOnly:0 FolderPath:Block01 FolderGuid:98087B8444A89373CC4763B3845E270A
 |   |   |- Guid:AE8AA01A4DE576B371C05FA79B282659 BaseClass: NativeClass:/Script/Engine.StaticMeshActor Name:StaticMeshActor_40 Label:SM_ChamferCube2 SpatiallyLoaded:1 Bounds:IsValid=true, Min=(X=992.077 Y=2692.077 Z=0.013), Max=(X=1107.923 Y=2807.923 Z=100.013) RuntimeGrid:None EditorOnly:0 RuntimeOnly:0 HLODRelevant:0 ListedInSceneOutliner:1 IsMainWorldOnly:0
 |   |   |- Guid:B23C247D4E34A96052E563A19E79FA75 BaseClass: NativeClass:/Script/Engine.ExponentialHeightFog Name:ExponentialHeightFog_1 Label:ExponentialHeightFog SpatiallyLoaded:0 Bounds:IsValid=true, Min=(X=-5600.000 Y=-50.000 Z=-6850.000), Max=(X=-5600.000 Y=-50.000 Z=-6850.000) RuntimeGrid:None EditorOnly:0 RuntimeOnly:0 HLODRelevant:0 ListedInSceneOutliner:1 IsMainWorldOnly:0 FolderPath:Lighting FolderGuid:08A10B054C95868C663DE39EE4343813
 |   |   |- Guid:B9527F18436B4C90019C7C8AF398144B BaseClass: NativeClass:/Script/Engine.StaticMeshActor Name:StaticMeshActor_41 Label:SM_ChamferCube3 SpatiallyLoaded:1 Bounds:IsValid=true, Min=(X=481.699 Y=2271.699 Z=0.013), Max=(X=618.301 Y=2408.301 Z=100.013) RuntimeGrid:None EditorOnly:0 RuntimeOnly:0 HLODRelevant:0 ListedInSceneOutliner:1 IsMainWorldOnly:0
 |   |   |- Guid:BC42D9B9467E38655AFC6DB667A61ECA BaseClass: NativeClass:/Script/Engine.StaticMeshActor Name:StaticMeshActor_49 Label:SM_Cube11 SpatiallyLoaded:1 Bounds:IsValid=true, Min=(X=400.000 Y=2600.000 Z=0.000), Max=(X=700.000 Y=2900.000 Z=200.000) RuntimeGrid:None EditorOnly:0 RuntimeOnly:0 HLODRelevant:1 ListedInSceneOutliner:1 IsMainWorldOnly:0 FolderPath:Block03 FolderGuid:8CD3949449A9ED1D3F209CA69A64B60F
 |   |   |- Guid:BD430F5245E33ECC56F7628FBABC5D84 BaseClass: NativeClass:/Script/Engine.StaticMeshActor Name:StaticMeshActor_33 Label:SM_Cube SpatiallyLoaded:1 Bounds:IsValid=true, Min=(X=0.000 Y=0.000 Z=-50.000), Max=(X=3000.000 Y=3500.000 Z=0.000) RuntimeGrid:None EditorOnly:0 RuntimeOnly:0 HLODRelevant:1 ListedInSceneOutliner:1 IsMainWorldOnly:0 FolderPath:Playground FolderGuid:8CD33C9A4E75AD59B95486AC740693D6
 |   |   |- Guid:BFB671284CA12B07A4565ABBE4C17B4C BaseClass: NativeClass:/Script/Engine.StaticMeshActor Name:StaticMeshActor_51 Label:SM_QuarterCylinder2 SpatiallyLoaded:1 Bounds:IsValid=true, Min=(X=2500.000 Y=2600.000 Z=0.000), Max=(X=2600.000 Y=2700.000 Z=200.000) RuntimeGrid:None EditorOnly:0 RuntimeOnly:0 HLODRelevant:1 ListedInSceneOutliner:1 IsMainWorldOnly:0 FolderPath:Block02 FolderGuid:5DDF0B274F9C8B2C5DABA1999B167516
 |   |   |- Guid:C726A3284B806D4C379405885740B688 BaseClass: NativeClass:/Script/Engine.PlayerStart Name:PlayerStart_0 Label:PlayerStart SpatiallyLoaded:0 Bounds:IsValid=true, Min=(X=860.000 Y=1070.000 Z=0.013), Max=(X=940.000 Y=1150.000 Z=184.013) RuntimeGrid:None EditorOnly:0 RuntimeOnly:0 HLODRelevant:0 ListedInSceneOutliner:1 IsMainWorldOnly:0
 |   |   |- Guid:C752FDB9451B0FA0675D4B9D3E8B12AB BaseClass: NativeClass:/Script/Engine.StaticMeshActor Name:StaticMeshActor_56 Label:SM_Cube13 SpatiallyLoaded:1 Bounds:IsValid=true, Min=(X=300.000 Y=2700.000 Z=0.000), Max=(X=400.000 Y=2800.000 Z=200.000) RuntimeGrid:None EditorOnly:0 RuntimeOnly:0 HLODRelevant:1 ListedInSceneOutliner:1 IsMainWorldOnly:0 FolderPath:Block03 FolderGuid:8CD3949449A9ED1D3F209CA69A64B60F
 |   |   |- Guid:C768943D43B1D4FCC4C0F098EBF7CAC9 BaseClass: NativeClass:/Script/Engine.StaticMeshActor Name:StaticMeshActor_36 Label:SM_Cube2 SpatiallyLoaded:1 Bounds:IsValid=true, Min=(X=0.000 Y=0.000 Z=0.000), Max=(X=3000.000 Y=100.000 Z=400.000) RuntimeGrid:None EditorOnly:0 RuntimeOnly:0 HLODRelevant:1 ListedInSceneOutliner:1 IsMainWorldOnly:0 FolderPath:Playground FolderGuid:8CD33C9A4E75AD59B95486AC740693D6
 |   |   |- Guid:D14B14534FC375E68601DB8E0C17375D BaseClass: NativeClass:/Script/Engine.SkeletalMeshActor Name:SkeletalMeshActor_UAID_D8BBC1A8B048935802_1681453313 Label:04MegarouGrouMon SpatiallyLoaded:1 Bounds:IsValid=true, Min=(X=1961.764 Y=776.474 Z=-22.582), Max=(X=2250.509 Y=1174.912 Z=281.772) RuntimeGrid:None EditorOnly:0 RuntimeOnly:0 HLODRelevant:0 ListedInSceneOutliner:1 IsMainWorldOnly:0
 |   |   |- Guid:D6CAE45C4E23DD1723795E8792894597 BaseClass: NativeClass:/Script/Engine.StaticMeshActor Name:StaticMeshActor_54 Label:SM_QuarterCylinder4 SpatiallyLoaded:1 Bounds:IsValid=true, Min=(X=300.000 Y=2600.000 Z=0.000), Max=(X=400.000 Y=2700.000 Z=200.000) RuntimeGrid:None EditorOnly:0 RuntimeOnly:0 HLODRelevant:1 ListedInSceneOutliner:1 IsMainWorldOnly:0 FolderPath:Block03 FolderGuid:8CD3949449A9ED1D3F209CA69A64B60F
 |   |   |- Guid:DDD488D54ACC769D5C8BD6AE92286E48 BaseClass: NativeClass:/Script/Engine.SkeletalMeshActor Name:SkeletalMeshActor_UAID_D8BBC1A8B048935802_1654121311 Label:02GuilMon SpatiallyLoaded:1 Bounds:IsValid=true, Min=(X=1445.434 Y=885.409 Z=-13.145), Max=(X=1621.154 Y=1095.708 Z=202.252) RuntimeGrid:None EditorOnly:0 RuntimeOnly:0 HLODRelevant:0 ListedInSceneOutliner:1 IsMainWorldOnly:0
 |   |   |- Guid:E7C88B004DFFF4BE08155AB223A0EF2C BaseClass: NativeClass:/Script/Engine.SkyAtmosphere Name:SkyAtmosphere_1 Label:SkyAtmosphere SpatiallyLoaded:0 Bounds:IsValid=true, Min=(X=0.000 Y=0.000 Z=1020.000), Max=(X=0.000 Y=0.000 Z=1020.000) RuntimeGrid:None EditorOnly:0 RuntimeOnly:0 HLODRelevant:0 ListedInSceneOutliner:1 IsMainWorldOnly:0 FolderPath:Lighting FolderGuid:08A10B054C95868C663DE39EE4343813
 |   |   |- Guid:ECF7DFF54DE28214A01D249B1B1CA773 BaseClass: NativeClass:/Script/Engine.StaticMeshActor Name:StaticMeshActor_42 Label:SM_Cube5 SpatiallyLoaded:1 Bounds:IsValid=true, Min=(X=-0.000 Y=100.000 Z=0.000), Max=(X=100.000 Y=3400.000 Z=400.000) RuntimeGrid:None EditorOnly:0 RuntimeOnly:0 HLODRelevant:1 ListedInSceneOutliner:1 IsMainWorldOnly:0 FolderPath:Playground FolderGuid:8CD33C9A4E75AD59B95486AC740693D6
 |   |   |- Guid:ED634735430DB9B4198DF4A9A188273B BaseClass: NativeClass:/Script/Engine.StaticMeshActor Name:StaticMeshActor_61 Label:SM_QuarterCylinder14 SpatiallyLoaded:1 Bounds:IsValid=true, Min=(X=2200.000 Y=500.000 Z=0.000), Max=(X=2400.000 Y=700.000 Z=100.000) RuntimeGrid:None EditorOnly:0 RuntimeOnly:0 HLODRelevant:1 ListedInSceneOutliner:1 IsMainWorldOnly:0 FolderPath:Cylinder FolderGuid:ECA4956E419DA4E5BAB7F389537BCB14
 |   |   |- Guid:F273828D468DD479CDB07EBF9F6EBA68 BaseClass: NativeClass:/Script/Engine.StaticMeshActor Name:StaticMeshActor_47 Label:SM_Ramp3 SpatiallyLoaded:1 Bounds:IsValid=true, Min=(X=1800.000 Y=1700.000 Z=100.000), Max=(X=2000.000 Y=2100.000 Z=200.000) RuntimeGrid:None EditorOnly:0 RuntimeOnly:0 HLODRelevant:1 ListedInSceneOutliner:1 IsMainWorldOnly:0 FolderPath:Block01 FolderGuid:98087B8444A89373CC4763B3845E270A
 |   |   |- Guid:F6974391454BE3281D0A9AAB775EBFF6 BaseClass: NativeClass:/Script/Engine.StaticMeshActor Name:StaticMeshActor_43 Label:SM_Cube6 SpatiallyLoaded:1 Bounds:IsValid=true, Min=(X=2900.000 Y=100.000 Z=0.000), Max=(X=3000.000 Y=3400.000 Z=400.000) RuntimeGrid:None EditorOnly:0 RuntimeOnly:0 HLODRelevant:1 ListedInSceneOutliner:1 IsMainWorldOnly:0 FolderPath:Playground FolderGuid:8CD33C9A4E75AD59B95486AC740693D6
 |   |   |- Guid:FC2659D1462E0C2787253D85D4D3D619 BaseClass: NativeClass:/Script/Engine.StaticMeshActor Name:StaticMeshActor_37 Label:SM_Cube3 SpatiallyLoaded:1 Bounds:IsValid=true, Min=(X=0.000 Y=3400.000 Z=0.000), Max=(X=3000.000 Y=3500.000 Z=400.000) RuntimeGrid:None EditorOnly:0 RuntimeOnly:0 HLODRelevant:1 ListedInSceneOutliner:1 IsMainWorldOnly:0 FolderPath:Playground FolderGuid:8CD33C9A4E75AD59B95486AC740693D6
 |   |- [+] Clusters:
 |   |   |- [+] [  0]
 |   |   |   |- Guid:017394CF45B3BF2BCF7AB382975F2606 BaseClass: NativeClass:/Script/Engine.StaticMeshActor Name:StaticMeshActor_39 Label:SM_Ramp2 SpatiallyLoaded:1 Bounds:IsValid=true, Min=(X=1400.000 Y=1500.000 Z=0.000), Max=(X=1800.000 Y=1700.000 Z=100.000) RuntimeGrid:None EditorOnly:0 RuntimeOnly:0 HLODRelevant:1 ListedInSceneOutliner:1 IsMainWorldOnly:0 FolderPath:Block01 FolderGuid:98087B8444A89373CC4763B3845E270A
 |   |   |- [+] [  1]
 |   |   |   |- Guid:0870CC704F80A8D5DF802EAC5E048723 BaseClass: NativeClass:/Script/Engine.StaticMeshActor Name:StaticMeshActor_45 Label:SM_Cube8 SpatiallyLoaded:1 Bounds:IsValid=true, Min=(X=1300.000 Y=2600.000 Z=0.000), Max=(X=2500.000 Y=2900.000 Z=200.000) RuntimeGrid:None EditorOnly:0 RuntimeOnly:0 HLODRelevant:1 ListedInSceneOutliner:1 IsMainWorldOnly:0 FolderPath:Block02 FolderGuid:5DDF0B274F9C8B2C5DABA1999B167516
 |   |   |- [+] [  2]
 |   |   |   |- Guid:16C1C4814718E8507F5C56B31900145C BaseClass: NativeClass:/Script/Engine.SkeletalMeshActor Name:SkeletalMeshActor_UAID_D8BBC1A8B048905802_1255356770 Label:Greymon SpatiallyLoaded:1 Bounds:IsValid=true, Min=(X=1710.893 Y=1135.870 Z=-11.705), Max=(X=1909.790 Y=1449.306 Z=221.968) RuntimeGrid:None EditorOnly:0 RuntimeOnly:0 HLODRelevant:0 ListedInSceneOutliner:1 IsMainWorldOnly:0
 |   |   |- [+] [  3]
 |   |   |   |- Guid:174DF71143EA367D14F3838C26CC06DF BaseClass: NativeClass:/Script/Engine.SkyLight Name:SkyLight_0 Label:SkyLight SpatiallyLoaded:0 Bounds:IsValid=true, Min=(X=0.000 Y=0.000 Z=690.000), Max=(X=0.000 Y=0.000 Z=690.000) RuntimeGrid:None EditorOnly:0 RuntimeOnly:0 HLODRelevant:0 ListedInSceneOutliner:1 IsMainWorldOnly:0 FolderPath:Lighting FolderGuid:08A10B054C95868C663DE39EE4343813
 |   |   |- [+] [  4]
 |   |   |   |- Guid:22043D904138D0E50DB05FB74FCA2289 BaseClass: NativeClass:/Script/Engine.StaticMeshActor Name:StaticMeshActor_60 Label:SM_QuarterCylinder13 SpatiallyLoaded:1 Bounds:IsValid=true, Min=(X=2000.000 Y=500.000 Z=0.000), Max=(X=2200.000 Y=700.000 Z=100.000) RuntimeGrid:None EditorOnly:0 RuntimeOnly:0 HLODRelevant:1 ListedInSceneOutliner:1 IsMainWorldOnly:0 FolderPath:Cylinder FolderGuid:ECA4956E419DA4E5BAB7F389537BCB14
 |   |   |- [+] [  5]
 |   |   |   |- Guid:243A2084428544D88534E990D8BA5B83 BaseClass: NativeClass:/Script/Engine.StaticMeshActor Name:StaticMeshActor_38 Label:SM_Cube4 SpatiallyLoaded:1 Bounds:IsValid=true, Min=(X=1200.000 Y=1700.000 Z=0.000), Max=(X=1800.000 Y=2200.000 Z=200.000) RuntimeGrid:None EditorOnly:0 RuntimeOnly:0 HLODRelevant:1 ListedInSceneOutliner:1 IsMainWorldOnly:0 FolderPath:Block01 FolderGuid:98087B8444A89373CC4763B3845E270A
 |   |   |- [+] [  6]
 |   |   |   |- Guid:26B5E65E4ABFCE1F255C5A8100176347 BaseClass: NativeClass:/Script/Engine.SkeletalMeshActor Name:SkeletalMeshActor_UAID_D8BBC1A8B048905802_1578311774 Label:01_KoroMon SpatiallyLoaded:1 Bounds:IsValid=true, Min=(X=1328.908 Y=1303.325 Z=-6.044), Max=(X=1371.084 Y=1369.718 Z=54.372) RuntimeGrid:None EditorOnly:0 RuntimeOnly:0 HLODRelevant:0 ListedInSceneOutliner:1 IsMainWorldOnly:0
 |   |   |- [+] [  7]
 |   |   |   |- Guid:3E0D0C7A4D8FFA7CE31DB8AA2B2D1292 BaseClass: NativeClass:/Script/Engine.StaticMeshActor Name:StaticMeshActor_57 Label:SM_QuarterCylinder6 SpatiallyLoaded:1 Bounds:IsValid=true, Min=(X=1200.000 Y=2200.000 Z=0.000), Max=(X=1300.000 Y=2300.000 Z=200.000) RuntimeGrid:None EditorOnly:0 RuntimeOnly:0 HLODRelevant:1 ListedInSceneOutliner:1 IsMainWorldOnly:0 FolderPath:Block01 FolderGuid:98087B8444A89373CC4763B3845E270A
 |   |   |- [+] [  8]
 |   |   |   |- Guid:487659064E5E19D77E7426AAB6D0C631 BaseClass: NativeClass:/Script/Engine.SkeletalMeshActor Name:SkeletalMeshActor_UAID_D8BBC1A8B048935802_1683405314 Label:05DukeMon SpatiallyLoaded:1 Bounds:IsValid=true, Min=(X=2344.709 Y=914.949 Z=-7.241), Max=(X=2602.119 Y=1218.658 Z=267.280) RuntimeGrid:None EditorOnly:0 RuntimeOnly:0 HLODRelevant:0 ListedInSceneOutliner:1 IsMainWorldOnly:0
 |   |   |- [+] [  9]
 |   |   |   |- Guid:4F7B735A44E12B4B031927A9FC21C460 BaseClass: NativeClass:/Script/Engine.VolumetricCloud Name:VolumetricCloud_1 Label:VolumetricCloud SpatiallyLoaded:0 Bounds:IsValid=true, Min=(X=0.000 Y=0.000 Z=820.000), Max=(X=0.000 Y=0.000 Z=820.000) RuntimeGrid:None EditorOnly:0 RuntimeOnly:0 HLODRelevant:0 ListedInSceneOutliner:1 IsMainWorldOnly:0 FolderPath:Lighting FolderGuid:08A10B054C95868C663DE39EE4343813
 |   |   |- [+] [ 10]
 |   |   |   |- Guid:5542BC6E4708EE7620A490891951A4A4 BaseClass: NativeClass:/Script/Engine.SkeletalMeshActor Name:SkeletalMeshActor_UAID_D8BBC1A8B048935802_1656548312 Label:03GrouMon SpatiallyLoaded:1 Bounds:IsValid=true, Min=(X=1695.265 Y=963.389 Z=-10.959), Max=(X=1841.840 Y=1123.455 Z=166.142) RuntimeGrid:None EditorOnly:0 RuntimeOnly:0 HLODRelevant:0 ListedInSceneOutliner:1 IsMainWorldOnly:0
 |   |   |- [+] [ 11]
 |   |   |   |- Guid:55BB2E2F4AFA453E1F1285A3ADC7186D BaseClass: NativeClass:/Script/Engine.StaticMeshActor Name:StaticMeshActor_58 Label:SM_QuarterCylinder11 SpatiallyLoaded:1 Bounds:IsValid=true, Min=(X=2200.000 Y=700.000 Z=0.000), Max=(X=2400.000 Y=900.000 Z=100.000) RuntimeGrid:None EditorOnly:0 RuntimeOnly:0 HLODRelevant:1 ListedInSceneOutliner:1 IsMainWorldOnly:0 FolderPath:Cylinder FolderGuid:ECA4956E419DA4E5BAB7F389537BCB14
 |   |   |- [+] [ 12]
 |   |   |   |- Guid:5C7C5C40408F48C386D06CA03AB130C2 BaseClass: NativeClass:/Script/Engine.StaticMeshActor Name:StaticMeshActor_UAID_A4AE111137DC5EFB00_1594956423 Label:SM_SkySphere SpatiallyLoaded:0 Bounds:IsValid=true, Min=(X=-1638400.000 Y=-1638400.000 Z=-1638400.000), Max=(X=1638400.000 Y=1638400.000 Z=1638400.000) RuntimeGrid:None EditorOnly:0 RuntimeOnly:0 HLODRelevant:1 ListedInSceneOutliner:1 IsMainWorldOnly:0 FolderPath:Lighting FolderGuid:08A10B054C95868C663DE39EE4343813
 |   |   |- [+] [ 13]
 |   |   |   |- Guid:664A87DA48B6EE38C0ACEA9AEDBA4BA0 BaseClass: NativeClass:/Script/Engine.TextRenderActor Name:TextRenderActor_1 Label:TextRenderActor SpatiallyLoaded:1 Bounds:IsValid=true, Min=(X=-0.100 Y=1100.000 Z=65.013), Max=(X=-0.100 Y=2392.308 Z=215.013) RuntimeGrid:None EditorOnly:0 RuntimeOnly:0 HLODRelevant:0 ListedInSceneOutliner:1 IsMainWorldOnly:0
 |   |   |- [+] [ 14]
 |   |   |   |- Guid:67DFF0C546DD4AD1A0DC89A992E4903B BaseClass: NativeClass:/Script/Engine.SkeletalMeshActor Name:SkeletalMeshActor_UAID_D8BBC1A8B048905802_1257486771 Label:MetalGreymon SpatiallyLoaded:1 Bounds:IsValid=true, Min=(X=1932.470 Y=1135.124 Z=-36.516), Max=(X=2181.931 Y=1443.113 Z=255.006) RuntimeGrid:None EditorOnly:0 RuntimeOnly:0 HLODRelevant:0 ListedInSceneOutliner:1 IsMainWorldOnly:0
 |   |   |- [+] [ 15]
 |   |   |   |- Guid:71AB3E0B4DA5EDFD0636A78826DCAF7B BaseClass: NativeClass:/Script/Engine.SkeletalMeshActor Name:SkeletalMeshActor_UAID_D8BBC1A8B048905802_1222937769 Label:Agumon SpatiallyLoaded:1 Bounds:IsValid=true, Min=(X=1465.443 Y=1290.513 Z=-19.651), Max=(X=1573.915 Y=1406.958 Z=134.509) RuntimeGrid:None EditorOnly:0 RuntimeOnly:0 HLODRelevant:0 ListedInSceneOutliner:1 IsMainWorldOnly:0
 |   |   |- [+] [ 16]
 |   |   |   |- Guid:723128A2477074C68D9A5EA484DF76A8 BaseClass: NativeClass:/Script/Engine.StaticMeshActor Name:StaticMeshActor_46 Label:SM_Cube9 SpatiallyLoaded:1 Bounds:IsValid=true, Min=(X=1800.000 Y=1500.000 Z=0.000), Max=(X=2000.000 Y=2200.000 Z=100.000) RuntimeGrid:None EditorOnly:0 RuntimeOnly:0 HLODRelevant:1 ListedInSceneOutliner:1 IsMainWorldOnly:0 FolderPath:Block01 FolderGuid:98087B8444A89373CC4763B3845E270A
 |   |   |- [+] [ 17]
 |   |   |   |- Guid:76AA13094E136B03CC96E9A0BAF33EE9 BaseClass: NativeClass:/Script/Engine.SkeletalMeshActor Name:SkeletalMeshActor_UAID_D8BBC1A8B048935802_1652426310 Label:01GIGIMON SpatiallyLoaded:1 Bounds:IsValid=true, Min=(X=1339.190 Y=978.490 Z=-0.040), Max=(X=1360.810 Y=1023.167 Z=26.296) RuntimeGrid:None EditorOnly:0 RuntimeOnly:0 HLODRelevant:0 ListedInSceneOutliner:1 IsMainWorldOnly:0
 |   |   |- [+] [ 18]
 |   |   |   |- Guid:788903924598EC8109F9709A8AB41C0D BaseClass: NativeClass:/Script/Engine.WorldDataLayers Name:WorldDataLayers Label:WorldDataLayers-1 SpatiallyLoaded:0 Bounds:IsValid=true, Min=(X=0.000 Y=0.000 Z=0.000), Max=(X=0.000 Y=0.000 Z=0.000) RuntimeGrid:None EditorOnly:0 RuntimeOnly:0 HLODRelevant:0 ListedInSceneOutliner:1 IsMainWorldOnly:1
 |   |   |- [+] [ 19]
 |   |   |   |- Guid:830FF81C457CA01C97438B95CD9DF038 BaseClass: NativeClass:/Script/Engine.StaticMeshActor Name:StaticMeshActor_34 Label:SM_ChamferCube SpatiallyLoaded:1 Bounds:IsValid=true, Min=(X=1100.000 Y=2000.000 Z=0.013), Max=(X=1200.000 Y=2100.000 Z=100.013) RuntimeGrid:None EditorOnly:0 RuntimeOnly:0 HLODRelevant:0 ListedInSceneOutliner:1 IsMainWorldOnly:0
 |   |   |- [+] [ 20]
 |   |   |   |- Guid:84A6C2C04177158166E2439E0CBAE730 BaseClass: NativeClass:/Script/Engine.StaticMeshActor Name:StaticMeshActor_35 Label:SM_Ramp SpatiallyLoaded:1 Bounds:IsValid=true, Min=(X=1300.000 Y=600.000 Z=0.000), Max=(X=1700.000 Y=800.000 Z=30.000) RuntimeGrid:None EditorOnly:0 RuntimeOnly:0 HLODRelevant:1 ListedInSceneOutliner:1 IsMainWorldOnly:0
 |   |   |- [+] [ 21]
 |   |   |   |- Guid:859A5D2B4D8B495BA7FC29927716A9EB BaseClass: NativeClass:/Script/Engine.SkeletalMeshActor Name:SkeletalMeshActor_UAID_D8BBC1A8B048905802_1260310772 Label:WarGreyMon SpatiallyLoaded:1 Bounds:IsValid=true, Min=(X=2291.660 Y=1288.039 Z=-43.142), Max=(X=2471.143 Y=1453.397 Z=246.576) RuntimeGrid:None EditorOnly:0 RuntimeOnly:0 HLODRelevant:0 ListedInSceneOutliner:1 IsMainWorldOnly:0
 |   |   |- [+] [ 22]
 |   |   |   |- Guid:901C748940C0D4AB214A8B8BF7D39AEC BaseClass: NativeClass:/Script/Engine.StaticMeshActor Name:StaticMeshActor_59 Label:SM_QuarterCylinder12 SpatiallyLoaded:1 Bounds:IsValid=true, Min=(X=2000.000 Y=700.000 Z=0.000), Max=(X=2200.000 Y=900.000 Z=100.000) RuntimeGrid:None EditorOnly:0 RuntimeOnly:0 HLODRelevant:1 ListedInSceneOutliner:1 IsMainWorldOnly:0 FolderPath:Cylinder FolderGuid:ECA4956E419DA4E5BAB7F389537BCB14
 |   |   |- [+] [ 23]
 |   |   |   |- Guid:96C16AF946CFF8929C47A09CAE7CD832 BaseClass: NativeClass:/Script/Engine.StaticMeshActor Name:StaticMeshActor_48 Label:SM_Cube10 SpatiallyLoaded:1 Bounds:IsValid=true, Min=(X=1800.000 Y=2100.000 Z=100.000), Max=(X=2000.000 Y=2200.000 Z=200.000) RuntimeGrid:None EditorOnly:0 RuntimeOnly:0 HLODRelevant:1 ListedInSceneOutliner:1 IsMainWorldOnly:0 FolderPath:Block01 FolderGuid:98087B8444A89373CC4763B3845E270A
 |   |   |- [+] [ 24]
 |   |   |   |- Guid:97625685428ED89E06818B996F1A508E BaseClass: NativeClass:/Script/Engine.StaticMeshActor Name:StaticMeshActor_53 Label:SM_QuarterCylinder3 SpatiallyLoaded:1 Bounds:IsValid=true, Min=(X=1500.000 Y=2200.000 Z=0.000), Max=(X=1600.000 Y=2300.000 Z=200.000) RuntimeGrid:None EditorOnly:0 RuntimeOnly:0 HLODRelevant:1 ListedInSceneOutliner:1 IsMainWorldOnly:0 FolderPath:Block01 FolderGuid:98087B8444A89373CC4763B3845E270A
 |   |   |- [+] [ 25]
 |   |   |   |- Guid:9A8590F64719696F576D32BEA8B1AF88 BaseClass: NativeClass:/Script/Engine.StaticMeshActor Name:StaticMeshActor_50 Label:SM_QuarterCylinder SpatiallyLoaded:1 Bounds:IsValid=true, Min=(X=2500.000 Y=2800.000 Z=0.000), Max=(X=2600.000 Y=2900.000 Z=200.000) RuntimeGrid:None EditorOnly:0 RuntimeOnly:0 HLODRelevant:1 ListedInSceneOutliner:1 IsMainWorldOnly:0 FolderPath:Block02 FolderGuid:5DDF0B274F9C8B2C5DABA1999B167516
 |   |   |- [+] [ 26]
 |   |   |   |- Guid:9FFE6665469AE829D82050A8B1F67178 BaseClass: NativeClass:/Script/Engine.DirectionalLight Name:DirectionalLight_1 Label:DirectionalLight SpatiallyLoaded:0 Bounds:IsValid=true, Min=(X=-1048576.000 Y=-1048576.000 Z=-1048576.000), Max=(X=1048576.000 Y=1048576.000 Z=1048576.000) RuntimeGrid:None EditorOnly:0 RuntimeOnly:0 HLODRelevant:0 ListedInSceneOutliner:1 IsMainWorldOnly:0 FolderPath:Lighting FolderGuid:08A10B054C95868C663DE39EE4343813
 |   |   |- [+] [ 27]
 |   |   |   |- Guid:A25F61BD4F2EE2C7409611810AC3BAD4 BaseClass: NativeClass:/Script/Engine.StaticMeshActor Name:StaticMeshActor_52 Label:SM_Cube12 SpatiallyLoaded:1 Bounds:IsValid=true, Min=(X=2500.000 Y=2700.000 Z=0.000), Max=(X=2600.000 Y=2800.000 Z=200.000) RuntimeGrid:None EditorOnly:0 RuntimeOnly:0 HLODRelevant:1 ListedInSceneOutliner:1 IsMainWorldOnly:0 FolderPath:Block02 FolderGuid:5DDF0B274F9C8B2C5DABA1999B167516
 |   |   |- [+] [ 28]
 |   |   |   |- Guid:A7FB847A4A1DACD12053998C0C82FF9C BaseClass: NativeClass:/Script/Engine.StaticMeshActor Name:StaticMeshActor_55 Label:SM_QuarterCylinder5 SpatiallyLoaded:1 Bounds:IsValid=true, Min=(X=300.000 Y=2800.000 Z=0.000), Max=(X=400.000 Y=2900.000 Z=200.000) RuntimeGrid:None EditorOnly:0 RuntimeOnly:0 HLODRelevant:1 ListedInSceneOutliner:1 IsMainWorldOnly:0 FolderPath:Block03 FolderGuid:8CD3949449A9ED1D3F209CA69A64B60F
 |   |   |- [+] [ 29]
 |   |   |   |- Guid:A85A7AD046A0462D176E6889992C1216 BaseClass: NativeClass:/Script/Engine.PostProcessVolume Name:PostProcessVolume_0 Label:PostProcessVolume SpatiallyLoaded:0 Bounds:IsValid=true, Min=(X=0.000 Y=0.000 Z=400.000), Max=(X=200.000 Y=200.000 Z=600.000) RuntimeGrid:None EditorOnly:0 RuntimeOnly:0 HLODRelevant:0 ListedInSceneOutliner:1 IsMainWorldOnly:0 FolderPath:Lighting FolderGuid:08A10B054C95868C663DE39EE4343813
 |   |   |- [+] [ 30]
 |   |   |   |- Guid:AA857C9F436500D6ED8E03A5806DCE50 BaseClass: NativeClass:/Script/Engine.StaticMeshActor Name:StaticMeshActor_44 Label:SM_Cube7 SpatiallyLoaded:1 Bounds:IsValid=true, Min=(X=1300.000 Y=2200.000 Z=0.000), Max=(X=1500.000 Y=2300.000 Z=200.000) RuntimeGrid:None EditorOnly:0 RuntimeOnly:0 HLODRelevant:1 ListedInSceneOutliner:1 IsMainWorldOnly:0 FolderPath:Block01 FolderGuid:98087B8444A89373CC4763B3845E270A
 |   |   |- [+] [ 31]
 |   |   |   |- Guid:AE8AA01A4DE576B371C05FA79B282659 BaseClass: NativeClass:/Script/Engine.StaticMeshActor Name:StaticMeshActor_40 Label:SM_ChamferCube2 SpatiallyLoaded:1 Bounds:IsValid=true, Min=(X=992.077 Y=2692.077 Z=0.013), Max=(X=1107.923 Y=2807.923 Z=100.013) RuntimeGrid:None EditorOnly:0 RuntimeOnly:0 HLODRelevant:0 ListedInSceneOutliner:1 IsMainWorldOnly:0
 |   |   |- [+] [ 32]
 |   |   |   |- Guid:B23C247D4E34A96052E563A19E79FA75 BaseClass: NativeClass:/Script/Engine.ExponentialHeightFog Name:ExponentialHeightFog_1 Label:ExponentialHeightFog SpatiallyLoaded:0 Bounds:IsValid=true, Min=(X=-5600.000 Y=-50.000 Z=-6850.000), Max=(X=-5600.000 Y=-50.000 Z=-6850.000) RuntimeGrid:None EditorOnly:0 RuntimeOnly:0 HLODRelevant:0 ListedInSceneOutliner:1 IsMainWorldOnly:0 FolderPath:Lighting FolderGuid:08A10B054C95868C663DE39EE4343813
 |   |   |- [+] [ 33]
 |   |   |   |- Guid:B9527F18436B4C90019C7C8AF398144B BaseClass: NativeClass:/Script/Engine.StaticMeshActor Name:StaticMeshActor_41 Label:SM_ChamferCube3 SpatiallyLoaded:1 Bounds:IsValid=true, Min=(X=481.699 Y=2271.699 Z=0.013), Max=(X=618.301 Y=2408.301 Z=100.013) RuntimeGrid:None EditorOnly:0 RuntimeOnly:0 HLODRelevant:0 ListedInSceneOutliner:1 IsMainWorldOnly:0
 |   |   |- [+] [ 34]
 |   |   |   |- Guid:BC42D9B9467E38655AFC6DB667A61ECA BaseClass: NativeClass:/Script/Engine.StaticMeshActor Name:StaticMeshActor_49 Label:SM_Cube11 SpatiallyLoaded:1 Bounds:IsValid=true, Min=(X=400.000 Y=2600.000 Z=0.000), Max=(X=700.000 Y=2900.000 Z=200.000) RuntimeGrid:None EditorOnly:0 RuntimeOnly:0 HLODRelevant:1 ListedInSceneOutliner:1 IsMainWorldOnly:0 FolderPath:Block03 FolderGuid:8CD3949449A9ED1D3F209CA69A64B60F
 |   |   |- [+] [ 35]
 |   |   |   |- Guid:BD430F5245E33ECC56F7628FBABC5D84 BaseClass: NativeClass:/Script/Engine.StaticMeshActor Name:StaticMeshActor_33 Label:SM_Cube SpatiallyLoaded:1 Bounds:IsValid=true, Min=(X=0.000 Y=0.000 Z=-50.000), Max=(X=3000.000 Y=3500.000 Z=0.000) RuntimeGrid:None EditorOnly:0 RuntimeOnly:0 HLODRelevant:1 ListedInSceneOutliner:1 IsMainWorldOnly:0 FolderPath:Playground FolderGuid:8CD33C9A4E75AD59B95486AC740693D6
 |   |   |- [+] [ 36]
 |   |   |   |- Guid:BFB671284CA12B07A4565ABBE4C17B4C BaseClass: NativeClass:/Script/Engine.StaticMeshActor Name:StaticMeshActor_51 Label:SM_QuarterCylinder2 SpatiallyLoaded:1 Bounds:IsValid=true, Min=(X=2500.000 Y=2600.000 Z=0.000), Max=(X=2600.000 Y=2700.000 Z=200.000) RuntimeGrid:None EditorOnly:0 RuntimeOnly:0 HLODRelevant:1 ListedInSceneOutliner:1 IsMainWorldOnly:0 FolderPath:Block02 FolderGuid:5DDF0B274F9C8B2C5DABA1999B167516
 |   |   |- [+] [ 37]
 |   |   |   |- Guid:C726A3284B806D4C379405885740B688 BaseClass: NativeClass:/Script/Engine.PlayerStart Name:PlayerStart_0 Label:PlayerStart SpatiallyLoaded:0 Bounds:IsValid=true, Min=(X=860.000 Y=1070.000 Z=0.013), Max=(X=940.000 Y=1150.000 Z=184.013) RuntimeGrid:None EditorOnly:0 RuntimeOnly:0 HLODRelevant:0 ListedInSceneOutliner:1 IsMainWorldOnly:0
 |   |   |- [+] [ 38]
 |   |   |   |- Guid:C752FDB9451B0FA0675D4B9D3E8B12AB BaseClass: NativeClass:/Script/Engine.StaticMeshActor Name:StaticMeshActor_56 Label:SM_Cube13 SpatiallyLoaded:1 Bounds:IsValid=true, Min=(X=300.000 Y=2700.000 Z=0.000), Max=(X=400.000 Y=2800.000 Z=200.000) RuntimeGrid:None EditorOnly:0 RuntimeOnly:0 HLODRelevant:1 ListedInSceneOutliner:1 IsMainWorldOnly:0 FolderPath:Block03 FolderGuid:8CD3949449A9ED1D3F209CA69A64B60F
 |   |   |- [+] [ 39]
 |   |   |   |- Guid:C768943D43B1D4FCC4C0F098EBF7CAC9 BaseClass: NativeClass:/Script/Engine.StaticMeshActor Name:StaticMeshActor_36 Label:SM_Cube2 SpatiallyLoaded:1 Bounds:IsValid=true, Min=(X=0.000 Y=0.000 Z=0.000), Max=(X=3000.000 Y=100.000 Z=400.000) RuntimeGrid:None EditorOnly:0 RuntimeOnly:0 HLODRelevant:1 ListedInSceneOutliner:1 IsMainWorldOnly:0 FolderPath:Playground FolderGuid:8CD33C9A4E75AD59B95486AC740693D6
 |   |   |- [+] [ 40]
 |   |   |   |- Guid:D14B14534FC375E68601DB8E0C17375D BaseClass: NativeClass:/Script/Engine.SkeletalMeshActor Name:SkeletalMeshActor_UAID_D8BBC1A8B048935802_1681453313 Label:04MegarouGrouMon SpatiallyLoaded:1 Bounds:IsValid=true, Min=(X=1961.764 Y=776.474 Z=-22.582), Max=(X=2250.509 Y=1174.912 Z=281.772) RuntimeGrid:None EditorOnly:0 RuntimeOnly:0 HLODRelevant:0 ListedInSceneOutliner:1 IsMainWorldOnly:0
 |   |   |- [+] [ 41]
 |   |   |   |- Guid:D6CAE45C4E23DD1723795E8792894597 BaseClass: NativeClass:/Script/Engine.StaticMeshActor Name:StaticMeshActor_54 Label:SM_QuarterCylinder4 SpatiallyLoaded:1 Bounds:IsValid=true, Min=(X=300.000 Y=2600.000 Z=0.000), Max=(X=400.000 Y=2700.000 Z=200.000) RuntimeGrid:None EditorOnly:0 RuntimeOnly:0 HLODRelevant:1 ListedInSceneOutliner:1 IsMainWorldOnly:0 FolderPath:Block03 FolderGuid:8CD3949449A9ED1D3F209CA69A64B60F
 |   |   |- [+] [ 42]
 |   |   |   |- Guid:DDD488D54ACC769D5C8BD6AE92286E48 BaseClass: NativeClass:/Script/Engine.SkeletalMeshActor Name:SkeletalMeshActor_UAID_D8BBC1A8B048935802_1654121311 Label:02GuilMon SpatiallyLoaded:1 Bounds:IsValid=true, Min=(X=1445.434 Y=885.409 Z=-13.145), Max=(X=1621.154 Y=1095.708 Z=202.252) RuntimeGrid:None EditorOnly:0 RuntimeOnly:0 HLODRelevant:0 ListedInSceneOutliner:1 IsMainWorldOnly:0
 |   |   |- [+] [ 43]
 |   |   |   |- Guid:E7C88B004DFFF4BE08155AB223A0EF2C BaseClass: NativeClass:/Script/Engine.SkyAtmosphere Name:SkyAtmosphere_1 Label:SkyAtmosphere SpatiallyLoaded:0 Bounds:IsValid=true, Min=(X=0.000 Y=0.000 Z=1020.000), Max=(X=0.000 Y=0.000 Z=1020.000) RuntimeGrid:None EditorOnly:0 RuntimeOnly:0 HLODRelevant:0 ListedInSceneOutliner:1 IsMainWorldOnly:0 FolderPath:Lighting FolderGuid:08A10B054C95868C663DE39EE4343813
 |   |   |- [+] [ 44]
 |   |   |   |- Guid:ECF7DFF54DE28214A01D249B1B1CA773 BaseClass: NativeClass:/Script/Engine.StaticMeshActor Name:StaticMeshActor_42 Label:SM_Cube5 SpatiallyLoaded:1 Bounds:IsValid=true, Min=(X=-0.000 Y=100.000 Z=0.000), Max=(X=100.000 Y=3400.000 Z=400.000) RuntimeGrid:None EditorOnly:0 RuntimeOnly:0 HLODRelevant:1 ListedInSceneOutliner:1 IsMainWorldOnly:0 FolderPath:Playground FolderGuid:8CD33C9A4E75AD59B95486AC740693D6
 |   |   |- [+] [ 45]
 |   |   |   |- Guid:ED634735430DB9B4198DF4A9A188273B BaseClass: NativeClass:/Script/Engine.StaticMeshActor Name:StaticMeshActor_61 Label:SM_QuarterCylinder14 SpatiallyLoaded:1 Bounds:IsValid=true, Min=(X=2200.000 Y=500.000 Z=0.000), Max=(X=2400.000 Y=700.000 Z=100.000) RuntimeGrid:None EditorOnly:0 RuntimeOnly:0 HLODRelevant:1 ListedInSceneOutliner:1 IsMainWorldOnly:0 FolderPath:Cylinder FolderGuid:ECA4956E419DA4E5BAB7F389537BCB14
 |   |   |- [+] [ 46]
 |   |   |   |- Guid:F273828D468DD479CDB07EBF9F6EBA68 BaseClass: NativeClass:/Script/Engine.StaticMeshActor Name:StaticMeshActor_47 Label:SM_Ramp3 SpatiallyLoaded:1 Bounds:IsValid=true, Min=(X=1800.000 Y=1700.000 Z=100.000), Max=(X=2000.000 Y=2100.000 Z=200.000) RuntimeGrid:None EditorOnly:0 RuntimeOnly:0 HLODRelevant:1 ListedInSceneOutliner:1 IsMainWorldOnly:0 FolderPath:Block01 FolderGuid:98087B8444A89373CC4763B3845E270A
 |   |   |- [+] [ 47]
 |   |   |   |- Guid:F6974391454BE3281D0A9AAB775EBFF6 BaseClass: NativeClass:/Script/Engine.StaticMeshActor Name:StaticMeshActor_43 Label:SM_Cube6 SpatiallyLoaded:1 Bounds:IsValid=true, Min=(X=2900.000 Y=100.000 Z=0.000), Max=(X=3000.000 Y=3400.000 Z=400.000) RuntimeGrid:None EditorOnly:0 RuntimeOnly:0 HLODRelevant:1 ListedInSceneOutliner:1 IsMainWorldOnly:0 FolderPath:Playground FolderGuid:8CD33C9A4E75AD59B95486AC740693D6
 |   |   |- [+] [ 48]
 |   |   |   |- Guid:FC2659D1462E0C2787253D85D4D3D619 BaseClass: NativeClass:/Script/Engine.StaticMeshActor Name:StaticMeshActor_37 Label:SM_Cube3 SpatiallyLoaded:1 Bounds:IsValid=true, Min=(X=0.000 Y=3400.000 Z=0.000), Max=(X=3000.000 Y=3500.000 Z=400.000) RuntimeGrid:None EditorOnly:0 RuntimeOnly:0 HLODRelevant:1 ListedInSceneOutliner:1 IsMainWorldOnly:0 FolderPath:Playground FolderGuid:8CD33C9A4E75AD59B95486AC740693D6
 |- ContainerInstances:
 |- [+] MainContainer:
 |   |-        ID: 00000000000000000000000000000000
 |   |-  ParentID: 00000000000000000000000000000000
 |   |-    Bounds: IsValid=false, Min=(X=0.000 Y=0.000 Z=0.000), Max=(X=0.000 Y=0.000 Z=0.000)
 |   |- Transform: 0.000000,0.000000,0.000000|0.000000,0.000000,-0.000000|1.000000,1.000000,1.000000
 |   |- Container: /Game/ThirdPerson/Maps/ThirdPersonMap
----------------------------------------------------------------------------------------------------------------
ThirdPersonMap - Persistent Level
----------------------------------------------------------------------------------------------------------------
[+] Content of ThirdPersonMap Persistent Level
 |- Always loaded Actor Count: 49 
 |- Actor Path: /Game/ThirdPerson/Maps/ThirdPersonMap.ThirdPersonMap:PersistentLevel.DirectionalLight_1
 |- Actor Package: /Game/__ExternalActors__/ThirdPerson/Maps/ThirdPersonMap/1/EJ/PGUWWHRTS59S34GKBX0OUI
 |- Actor Path: /Game/ThirdPerson/Maps/ThirdPersonMap.ThirdPersonMap:PersistentLevel.ExponentialHeightFog_1
 |- Actor Package: /Game/__ExternalActors__/ThirdPerson/Maps/ThirdPersonMap/B/KW/9YH18EUCJFK5CZXL6H3W3R
 |- Actor Path: /Game/ThirdPerson/Maps/ThirdPersonMap.ThirdPersonMap:PersistentLevel.PlayerStart_0
 |- Actor Package: /Game/__ExternalActors__/ThirdPerson/Maps/ThirdPersonMap/D/DE/SWSI13675DVYIZ0N4NF7Y3
 |- Actor Path: /Game/ThirdPerson/Maps/ThirdPersonMap.ThirdPersonMap:PersistentLevel.PostProcessVolume_0
 |- Actor Package: /Game/__ExternalActors__/ThirdPerson/Maps/ThirdPersonMap/1/AZ/A7GPT109Y6ZTTJD4A7TXER
 |- Actor Path: /Game/ThirdPerson/Maps/ThirdPersonMap.ThirdPersonMap:PersistentLevel.SkeletalMeshActor_UAID_D8BBC1A8B048905802_1222937769
 |- Actor Package: /Game/__ExternalActors__/ThirdPerson/Maps/ThirdPersonMap/A/2Z/5IVS0HQ4C1ZTSI0MAS60S2
 |- Actor Path: /Game/ThirdPerson/Maps/ThirdPersonMap.ThirdPersonMap:PersistentLevel.SkeletalMeshActor_UAID_D8BBC1A8B048905802_1255356770
 |- Actor Package: /Game/__ExternalActors__/ThirdPerson/Maps/ThirdPersonMap/D/A4/CWTG5Q2WHPE7GTA4ZL78PU
 |- Actor Path: /Game/ThirdPerson/Maps/ThirdPersonMap.ThirdPersonMap:PersistentLevel.SkeletalMeshActor_UAID_D8BBC1A8B048905802_1257486771
 |- Actor Package: /Game/__ExternalActors__/ThirdPerson/Maps/ThirdPersonMap/1/CB/IJ1ZYO2NQA4UM5N1GCMF3D
 |- Actor Path: /Game/ThirdPerson/Maps/ThirdPersonMap.ThirdPersonMap:PersistentLevel.SkeletalMeshActor_UAID_D8BBC1A8B048905802_1260310772
 |- Actor Package: /Game/__ExternalActors__/ThirdPerson/Maps/ThirdPersonMap/D/4N/EOIOHCGTOIN6LOIC5RP67P
 |- Actor Path: /Game/ThirdPerson/Maps/ThirdPersonMap.ThirdPersonMap:PersistentLevel.SkeletalMeshActor_UAID_D8BBC1A8B048905802_1578311774
 |- Actor Package: /Game/__ExternalActors__/ThirdPerson/Maps/ThirdPersonMap/B/WL/A6SAF9IB39KXULN1RSSS2Q
 |- Actor Path: /Game/ThirdPerson/Maps/ThirdPersonMap.ThirdPersonMap:PersistentLevel.SkeletalMeshActor_UAID_D8BBC1A8B048935802_1652426310
 |- Actor Package: /Game/__ExternalActors__/ThirdPerson/Maps/ThirdPersonMap/5/86/GTBCX4V7MS0KU8UOZD91AS
 |- Actor Path: /Game/ThirdPerson/Maps/ThirdPersonMap.ThirdPersonMap:PersistentLevel.SkeletalMeshActor_UAID_D8BBC1A8B048935802_1654121311
 |- Actor Package: /Game/__ExternalActors__/ThirdPerson/Maps/ThirdPersonMap/A/T5/GT0YAEIQ0TFTAD7G4F2XKO
 |- Actor Path: /Game/ThirdPerson/Maps/ThirdPersonMap.ThirdPersonMap:PersistentLevel.SkeletalMeshActor_UAID_D8BBC1A8B048935802_1656548312
 |- Actor Package: /Game/__ExternalActors__/ThirdPerson/Maps/ThirdPersonMap/2/LO/A5BKFIW6OMOX2K2OO4A7E0
 |- Actor Path: /Game/ThirdPerson/Maps/ThirdPersonMap.ThirdPersonMap:PersistentLevel.SkeletalMeshActor_UAID_D8BBC1A8B048935802_1681453313
 |- Actor Package: /Game/__ExternalActors__/ThirdPerson/Maps/ThirdPersonMap/7/KZ/VV2C31KU3WEXQX4I5SGSNC
 |- Actor Path: /Game/ThirdPerson/Maps/ThirdPersonMap.ThirdPersonMap:PersistentLevel.SkeletalMeshActor_UAID_D8BBC1A8B048935802_1683405314
 |- Actor Package: /Game/__ExternalActors__/ThirdPerson/Maps/ThirdPersonMap/5/2D/02F2I99VZZQ7Z1KU5J3N8T
 |- Actor Path: /Game/ThirdPerson/Maps/ThirdPersonMap.ThirdPersonMap:PersistentLevel.SkyAtmosphere_1
 |- Actor Package: /Game/__ExternalActors__/ThirdPerson/Maps/ThirdPersonMap/8/H9/GITN2HJQNERMM41FAE68W0
 |- Actor Path: /Game/ThirdPerson/Maps/ThirdPersonMap.ThirdPersonMap:PersistentLevel.SkyLight_0
 |- Actor Package: /Game/__ExternalActors__/ThirdPerson/Maps/ThirdPersonMap/6/NP/Z9EK2TXQ1TFO26WFZHWZII
 |- Actor Path: /Game/ThirdPerson/Maps/ThirdPersonMap.ThirdPersonMap:PersistentLevel.StaticMeshActor_33
 |- Actor Package: /Game/__ExternalActors__/ThirdPerson/Maps/ThirdPersonMap/6/HF/9H7TKAXH9DD8KI3TIXGI2I
 |- Actor Path: /Game/ThirdPerson/Maps/ThirdPersonMap.ThirdPersonMap:PersistentLevel.StaticMeshActor_34
 |- Actor Package: /Game/__ExternalActors__/ThirdPerson/Maps/ThirdPersonMap/3/P3/O43ETCZTFMLWWH1CJ941H2
 |- Actor Path: /Game/ThirdPerson/Maps/ThirdPersonMap.ThirdPersonMap:PersistentLevel.StaticMeshActor_35
 |- Actor Package: /Game/__ExternalActors__/ThirdPerson/Maps/ThirdPersonMap/6/NC/UUYHDUFQAXTRRN4RVOPIUF
 |- Actor Path: /Game/ThirdPerson/Maps/ThirdPersonMap.ThirdPersonMap:PersistentLevel.StaticMeshActor_36
 |- Actor Package: /Game/__ExternalActors__/ThirdPerson/Maps/ThirdPersonMap/3/HE/U35NZS5A9W1UXP1E3FF2GW
 |- Actor Path: /Game/ThirdPerson/Maps/ThirdPersonMap.ThirdPersonMap:PersistentLevel.StaticMeshActor_37
 |- Actor Package: /Game/__ExternalActors__/ThirdPerson/Maps/ThirdPersonMap/9/MO/72II2GSLK9VS0ULW9SACWH
 |- Actor Path: /Game/ThirdPerson/Maps/ThirdPersonMap.ThirdPersonMap:PersistentLevel.StaticMeshActor_38
 |- Actor Package: /Game/__ExternalActors__/ThirdPerson/Maps/ThirdPersonMap/0/SX/SKO7AH9HKZVPN4OMFO4DV3
 |- Actor Path: /Game/ThirdPerson/Maps/ThirdPersonMap.ThirdPersonMap:PersistentLevel.StaticMeshActor_39
 |- Actor Package: /Game/__ExternalActors__/ThirdPerson/Maps/ThirdPersonMap/A/BW/M7Z5RX3O7568TBJFK5R76I
 |- Actor Path: /Game/ThirdPerson/Maps/ThirdPersonMap.ThirdPersonMap:PersistentLevel.StaticMeshActor_40
 |- Actor Package: /Game/__ExternalActors__/ThirdPerson/Maps/ThirdPersonMap/1/QS/VHQF8JWOATZI5V3ZVY5YTM
 |- Actor Path: /Game/ThirdPerson/Maps/ThirdPersonMap.ThirdPersonMap:PersistentLevel.StaticMeshActor_41
 |- Actor Package: /Game/__ExternalActors__/ThirdPerson/Maps/ThirdPersonMap/1/HF/YFYBQ72OYLHJQS0TSSXGBV
 |- Actor Path: /Game/ThirdPerson/Maps/ThirdPersonMap.ThirdPersonMap:PersistentLevel.StaticMeshActor_42
 |- Actor Package: /Game/__ExternalActors__/ThirdPerson/Maps/ThirdPersonMap/C/0I/VIQQWOEJKSKV1EK1XGX3EY
 |- Actor Path: /Game/ThirdPerson/Maps/ThirdPersonMap.ThirdPersonMap:PersistentLevel.StaticMeshActor_43
 |- Actor Package: /Game/__ExternalActors__/ThirdPerson/Maps/ThirdPersonMap/9/CI/KST702KSCRZWYV56G3VJBD
 |- Actor Path: /Game/ThirdPerson/Maps/ThirdPersonMap.ThirdPersonMap:PersistentLevel.StaticMeshActor_44
 |- Actor Package: /Game/__ExternalActors__/ThirdPerson/Maps/ThirdPersonMap/6/0D/0WM78RPJCXHX477YOZXKQE
 |- Actor Path: /Game/ThirdPerson/Maps/ThirdPersonMap.ThirdPersonMap:PersistentLevel.StaticMeshActor_45
 |- Actor Package: /Game/__ExternalActors__/ThirdPerson/Maps/ThirdPersonMap/B/CJ/ZQ5BFL59YGMQUT9ZD7CAHJ
 |- Actor Path: /Game/ThirdPerson/Maps/ThirdPersonMap.ThirdPersonMap:PersistentLevel.StaticMeshActor_46
 |- Actor Package: /Game/__ExternalActors__/ThirdPerson/Maps/ThirdPersonMap/9/21/WWYX44RDCCS98492P9K9O3
 |- Actor Path: /Game/ThirdPerson/Maps/ThirdPersonMap.ThirdPersonMap:PersistentLevel.StaticMeshActor_47
 |- Actor Package: /Game/__ExternalActors__/ThirdPerson/Maps/ThirdPersonMap/E/T8/46ZIBNTTDDR3AOR2XC9VO6
 |- Actor Path: /Game/ThirdPerson/Maps/ThirdPersonMap.ThirdPersonMap:PersistentLevel.StaticMeshActor_48
 |- Actor Package: /Game/__ExternalActors__/ThirdPerson/Maps/ThirdPersonMap/D/VL/KUT2U1MQ1ND9CXN070OTDM
 |- Actor Path: /Game/ThirdPerson/Maps/ThirdPersonMap.ThirdPersonMap:PersistentLevel.StaticMeshActor_49
 |- Actor Package: /Game/__ExternalActors__/ThirdPerson/Maps/ThirdPersonMap/0/FZ/4XWWUGWFDLX56REQRH8Z9W
 |- Actor Path: /Game/ThirdPerson/Maps/ThirdPersonMap.ThirdPersonMap:PersistentLevel.StaticMeshActor_50
 |- Actor Package: /Game/__ExternalActors__/ThirdPerson/Maps/ThirdPersonMap/8/P1/NN84RP20JNUCL0SHI5W2B8
 |- Actor Path: /Game/ThirdPerson/Maps/ThirdPersonMap.ThirdPersonMap:PersistentLevel.StaticMeshActor_51
 |- Actor Package: /Game/__ExternalActors__/ThirdPerson/Maps/ThirdPersonMap/D/OI/BVNTLHAPOPDXURSVGR63ME
 |- Actor Path: /Game/ThirdPerson/Maps/ThirdPersonMap.ThirdPersonMap:PersistentLevel.StaticMeshActor_52
 |- Actor Package: /Game/__ExternalActors__/ThirdPerson/Maps/ThirdPersonMap/3/B1/9G3WNX7WIR7UKI26T9LK5O
 |- Actor Path: /Game/ThirdPerson/Maps/ThirdPersonMap.ThirdPersonMap:PersistentLevel.StaticMeshActor_53
 |- Actor Package: /Game/__ExternalActors__/ThirdPerson/Maps/ThirdPersonMap/5/Q1/5IZD4L3UPM3EEODZK67MH1
 |- Actor Path: /Game/ThirdPerson/Maps/ThirdPersonMap.ThirdPersonMap:PersistentLevel.StaticMeshActor_54
 |- Actor Package: /Game/__ExternalActors__/ThirdPerson/Maps/ThirdPersonMap/D/MM/5416TNIX8GKJW3B714Y6WF
 |- Actor Path: /Game/ThirdPerson/Maps/ThirdPersonMap.ThirdPersonMap:PersistentLevel.StaticMeshActor_55
 |- Actor Package: /Game/__ExternalActors__/ThirdPerson/Maps/ThirdPersonMap/8/7Y/C94R5C0R01QSL2SVHUG3KD
 |- Actor Path: /Game/ThirdPerson/Maps/ThirdPersonMap.ThirdPersonMap:PersistentLevel.StaticMeshActor_56
 |- Actor Package: /Game/__ExternalActors__/ThirdPerson/Maps/ThirdPersonMap/6/UV/1C6W14EIHMXOXXB657JYKB
 |- Actor Path: /Game/ThirdPerson/Maps/ThirdPersonMap.ThirdPersonMap:PersistentLevel.StaticMeshActor_57
 |- Actor Package: /Game/__ExternalActors__/ThirdPerson/Maps/ThirdPersonMap/3/1V/XSFYSB2EC9Z21RQOBXZLMO
 |- Actor Path: /Game/ThirdPerson/Maps/ThirdPersonMap.ThirdPersonMap:PersistentLevel.StaticMeshActor_58
 |- Actor Package: /Game/__ExternalActors__/ThirdPerson/Maps/ThirdPersonMap/A/IO/07IVU4EY14FMETPGTJULEO
 |- Actor Path: /Game/ThirdPerson/Maps/ThirdPersonMap.ThirdPersonMap:PersistentLevel.StaticMeshActor_59
 |- Actor Package: /Game/__ExternalActors__/ThirdPerson/Maps/ThirdPersonMap/1/2J/AQ1PWWT9TBAI7AA470T014
 |- Actor Path: /Game/ThirdPerson/Maps/ThirdPersonMap.ThirdPersonMap:PersistentLevel.StaticMeshActor_60
 |- Actor Package: /Game/__ExternalActors__/ThirdPerson/Maps/ThirdPersonMap/1/0G/HOAJZN9E4DDI6Y1W3JU13K
 |- Actor Path: /Game/ThirdPerson/Maps/ThirdPersonMap.ThirdPersonMap:PersistentLevel.StaticMeshActor_61
 |- Actor Package: /Game/__ExternalActors__/ThirdPerson/Maps/ThirdPersonMap/9/6I/RU1L28PS820IOVH625A0DA
 |- Actor Path: /Game/ThirdPerson/Maps/ThirdPersonMap.ThirdPersonMap:PersistentLevel.StaticMeshActor_UAID_A4AE111137DC5EFB00_1594956423
 |- Actor Package: /Game/__ExternalActors__/ThirdPerson/Maps/ThirdPersonMap/3/OG/KDQDMXAXZXD8VLDDU4K3JL
 |- Actor Path: /Game/ThirdPerson/Maps/ThirdPersonMap.ThirdPersonMap:PersistentLevel.TextRenderActor_1
 |- Actor Package: /Game/__ExternalActors__/ThirdPerson/Maps/ThirdPersonMap/1/WU/NB37RT5Q32Z8MJWD8BD2SO
 |- Actor Path: /Game/ThirdPerson/Maps/ThirdPersonMap.ThirdPersonMap:PersistentLevel.VolumetricCloud_1
 |- Actor Package: /Game/__ExternalActors__/ThirdPerson/Maps/ThirdPersonMap/2/66/0OP5U85W4H0R7CHG999ZDN
 |- Actor Path: /Game/ThirdPerson/Maps/ThirdPersonMap.ThirdPersonMap:PersistentLevel.WorldDataLayers
 |- Actor Package: /Game/__ExternalActors__/ThirdPerson/Maps/ThirdPersonMap/0/43/HYQWORMY4JDQ5X3OKZXFLC

----------------------------------------------------------------------------------------------------------------
ThirdPersonMap - Runtime Hash Set
----------------------------------------------------------------------------------------------------------------

